[23Dec2025 18:34:47.291] [main/INFO] [cpw.mods.modlauncher.Launcher/MODLAUNCHER]: ModLauncher running: args [--launchTarget, forgeclientdev, --version, 21.1.190, --assetIndex, 17, --assetsDir, C:\\Users\\cainm\\.mcreator\\gradle\\caches\\neoformruntime\\assets, --gameDir, ., --fml.fmlVersion, 4.0.41, --fml.mcVersion, 1.21.1, --fml.neoForgeVersion, 21.1.190, --fml.neoFormVersion, 20240808.144430]
[23Dec2025 18:34:47.294] [main/INFO] [cpw.mods.modlauncher.Launcher/MODLAUNCHER]: JVM identified as Eclipse Adoptium OpenJDK 64-Bit Server VM 21.0.8+9-LTS
[23Dec2025 18:34:47.296] [main/INFO] [cpw.mods.modlauncher.Launcher/MODLAUNCHER]: ModLauncher 11.0.5+main.901c6ea8 starting: java version 21.0.8 by Eclipse Adoptium; OS Windows 11 arch amd64 version 10.0
[23Dec2025 18:34:47.475] [main/INFO] [net.neoforged.fml.loading.ImmediateWindowHandler/]: Loading ImmediateWindowProvider fmlearlywindow
[23Dec2025 18:34:47.568] [main/INFO] [EARLYDISPLAY/]: Trying GL version 4.6
[23Dec2025 18:34:47.769] [main/INFO] [EARLYDISPLAY/]: Requested GL version 4.6 got version 4.6
[23Dec2025 18:34:48.105] [pool-2-thread-1/INFO] [EARLYDISPLAY/]: GL info: NVIDIA GeForce RTX 3060/PCIe/SSE2 GL version 4.6.0 NVIDIA 591.44, NVIDIA Corporation
[23Dec2025 18:34:48.607] [main/INFO] [gg.essential.loader.stage1.EssentialLoaderBase/]: Starting Essential Loader (stage2) version 1.6.6 (0e5a0c2dc3815b0a4d4626f551309cf5) [stable]
[23Dec2025 18:34:48.655] [main/INFO] [mixin/]: SpongePowered MIXIN Subsystem Version=0.8.7 Source=union:/C:/Users/cainm/.mcreator/gradle/caches/modules-2/files-2.1/net.fabricmc/sponge-mixin/0.15.2+mixin.0.8.7/2af2f021d8e02a0220dc27a7a72b4666d66d44ca/sponge-mixin-0.15.2+mixin.0.8.7.jar%23138!/ Service=ModLauncher Env=CLIENT
[23Dec2025 18:34:49.551] [main/INFO] [net.neoforged.fml.loading.moddiscovery.locators.JarInJarDependencyLocator/]: Found 13 dependencies adding them to mods collection
[23Dec2025 18:34:49.553] [main/INFO] [net.neoforged.fml.loading.moddiscovery.ModDiscoverer/]: 
     Mod List:
		Name Version (Mod Id)

		3d-Skin-Layers 1.10.1 (skinlayers3d)
		Cloth Config v15 API 15.0.128 (cloth_config)
		Controlling 19.0.5 (controlling)
		Entity Model Features 3.0.7 (entity_model_features)
		Entity Texture Features 7.0.6 (entity_texture_features)
		Forgified Fabric API Base 0.4.42+d1308ded19 (fabric_api_base)
		Forgified Fabric BlockView API (v2) 1.0.10+9afaaf8c19 (fabric_block_view_api_v2)
		Forgified Fabric Renderer API (v1) 3.4.0+acb05a3919 (fabric_renderer_api_v1)
		Forgified Fabric Rendering Data Attachment (v1) 0.3.48+73761d2e19 (fabric_rendering_data_attachment_v1)
		Freecam 1.3.0+mc1.21 (freecam)
		Iris 1.8.12-snapshot+mc1.21.1-local (iris)
		Jade 15.10.3+neoforge (jade)
		Just Enough Items 19.25.1.334 (jei)
		Minecraft 1.21.1 (minecraft)
		NeoForge 21.1.190 (neoforge)
		NotEnoughAnimations 1.11.1 (notenoughanimations)
		Searchables 1.0.2 (searchables)
		Sodium 0.6.13+mc1.21.1 (sodium)
		SoItsMods 1.0.1 (soitsmods)
		TRansition 1.0.11 (transition)
		TRender 1.0.10 (trender)
[23Dec2025 18:34:49.583] [main/INFO] [gg.essential.loader.stage2.util.KFFMerger/]: Found Kotlin-containing mod Jar[union:/C:/Users/cainm/MCreatorWorkspaces/soitsmods/run/essential/libraries/neoforge_1.21.1/kotlin-for-forge-4.3.0-slim.jar%23210!/], checking whether we need to upgrade it..
[23Dec2025 18:34:49.586] [main/INFO] [gg.essential.loader.stage2.util.KFFMerger/]: Found outdated Kotlin core libs 0.0.0 (we ship 1.9.23)
[23Dec2025 18:34:49.587] [main/INFO] [gg.essential.loader.stage2.util.KFFMerger/]: Found outdated Kotlin Coroutines libs 0.0.0 (we ship 1.8.0)
[23Dec2025 18:34:49.587] [main/INFO] [gg.essential.loader.stage2.util.KFFMerger/]: Found outdated Kotlin Serialization libs 0.0.0 (we ship 1.6.3)
[23Dec2025 18:34:49.592] [main/INFO] [gg.essential.loader.stage2.util.KFFMerger/]: Generating jar with updated Kotlin at C:\Users\cainm\AppData\Local\Temp\kff-updated-kotlin-9375657760394517625-4.3.0-slim.jar
[23Dec2025 18:34:53.505] [main/INFO] [mixin/]: Compatibility level set to JAVA_17
[23Dec2025 18:34:53.519] [main/INFO] [mixin/]: Compatibility level set to JAVA_21
[23Dec2025 18:34:53.555] [main/INFO] [cpw.mods.modlauncher.LaunchServiceHandler/MODLAUNCHER]: Launching target 'forgeclientdev' with arguments [--version, 21.1.190, --gameDir, ., --assetsDir, C:\Users\cainm\.mcreator\gradle\caches\neoformruntime\assets, --assetIndex, 17]
[23Dec2025 18:34:53.918] [main/WARN] [mixin/]: Reference map 'iris.refmap.json' for mixins.iris.json could not be read. If this is a development environment you can ignore this message
[23Dec2025 18:34:53.918] [main/WARN] [mixin/]: Reference map 'iris.refmap.json' for mixins.iris.fantastic.json could not be read. If this is a development environment you can ignore this message
[23Dec2025 18:34:53.919] [main/WARN] [mixin/]: Reference map 'iris.refmap.json' for mixins.iris.vertexformat.json could not be read. If this is a development environment you can ignore this message
[23Dec2025 18:34:53.919] [main/WARN] [mixin/]: Reference map 'iris.refmap.json' for iris-batched-entity-rendering.mixins.json could not be read. If this is a development environment you can ignore this message
[23Dec2025 18:34:53.919] [main/WARN] [mixin/]: Reference map 'iris.refmap.json' for mixins.iris.compat.sodium.json could not be read. If this is a development environment you can ignore this message
[23Dec2025 18:34:53.931] [main/INFO] [Sodium/]: Loaded configuration file for Sodium: 43 options available, 1 override(s) found
[23Dec2025 18:34:53.932] [main/WARN] [mixin/]: Reference map 'skinlayers3d.refmap.mixins.json' for skinlayers3d.mixins.json could not be read. If this is a development environment you can ignore this message
[23Dec2025 18:34:53.933] [main/WARN] [mixin/]: Reference map 'controlling.refmap.json' for controlling.mixins.json could not be read. If this is a development environment you can ignore this message
[23Dec2025 18:34:53.933] [main/WARN] [mixin/]: Reference map 'controlling.refmap.json' for controlling.neoforge.mixins.json could not be read. If this is a development environment you can ignore this message
[23Dec2025 18:34:53.934] [main/WARN] [mixin/]: Reference map 'searchables.refmap.json' for searchables.mixins.json could not be read. If this is a development environment you can ignore this message
[23Dec2025 18:34:53.934] [main/WARN] [mixin/]: Reference map 'searchables.refmap.json' for searchables.neoforge.mixins.json could not be read. If this is a development environment you can ignore this message
[23Dec2025 18:34:53.962] [main/INFO] [Essential Logger - Plugin/]: Starting Essential v1.3.10.4 (#9adecc609e) [stable]
[23Dec2025 18:34:54.273] [main/WARN] [mixin/]: Error loading class: net/raphimc/immediatelyfast/feature/core/BatchableBufferSource (java.lang.ClassNotFoundException: net.raphimc.immediatelyfast.feature.core.BatchableBufferSource)
[23Dec2025 18:34:54.444] [main/WARN] [mixin/]: Error loading class: com/portingdeadmods/cable_facades/events/GameClientEvents$2 (java.lang.ClassNotFoundException: com.portingdeadmods.cable_facades.events.GameClientEvents$2)
[23Dec2025 18:34:54.445] [main/WARN] [mixin/]: Error loading class: com/direwolf20/justdirethings/client/renderers/OurRenderTypes (java.lang.ClassNotFoundException: com.direwolf20.justdirethings.client.renderers.OurRenderTypes)
[23Dec2025 18:34:54.445] [main/WARN] [mixin/]: Error loading class: mekanism/client/render/entity/RenderFlame (java.lang.ClassNotFoundException: mekanism.client.render.entity.RenderFlame)
[23Dec2025 18:34:54.446] [main/WARN] [mixin/]: Error loading class: mekanism/client/render/armor/MekaSuitArmor (java.lang.ClassNotFoundException: mekanism.client.render.armor.MekaSuitArmor)
[23Dec2025 18:34:54.446] [main/WARN] [mixin/]: Error loading class: mekanism/client/render/lib/effect/BillboardingEffectRenderer (java.lang.ClassNotFoundException: mekanism.client.render.lib.effect.BillboardingEffectRenderer)
[23Dec2025 18:34:54.448] [main/WARN] [mixin/]: Error loading class: blusunrize/immersiveengineering/client/utils/IEGLShaders (java.lang.ClassNotFoundException: blusunrize.immersiveengineering.client.utils.IEGLShaders)
[23Dec2025 18:34:54.475] [main/WARN] [Sodium/]: Force-disabling mixin 'features.render.world.sky.FogRendererMixin' as rule 'mixin.features.render.world.sky' (added by mods [iris]) disables it and children
[23Dec2025 18:34:54.475] [main/WARN] [Sodium/]: Force-disabling mixin 'features.render.world.sky.ClientLevelMixin' as rule 'mixin.features.render.world.sky' (added by mods [iris]) disables it and children
[23Dec2025 18:34:54.476] [main/WARN] [Sodium/]: Force-disabling mixin 'features.render.world.sky.LevelRendererMixin' as rule 'mixin.features.render.world.sky' (added by mods [iris]) disables it and children
[23Dec2025 18:34:54.813] [main/INFO] [MixinExtras|Service/]: Initializing MixinExtras via com.llamalad7.mixinextras.service.MixinExtrasServiceImpl(version=0.4.1).
[23Dec2025 18:34:57.224] [Datafixer Bootstrap/INFO] [com.mojang.datafixers.DataFixerBuilder/]: 229 Datafixer optimizations took 464 milliseconds
[23Dec2025 18:35:03.071] [main/WARN] [net.minecraft.commands.Commands/]: Ambiguity between arguments [teleport, location] and [teleport, destination] with inputs: [0.1 -0.5 .9, 0 0 0]
[23Dec2025 18:35:03.072] [main/WARN] [net.minecraft.commands.Commands/]: Ambiguity between arguments [teleport, location] and [teleport, targets] with inputs: [0.1 -0.5 .9, 0 0 0]
[23Dec2025 18:35:03.074] [main/WARN] [net.minecraft.commands.Commands/]: Ambiguity between arguments [teleport, destination] and [teleport, targets] with inputs: [Player, 0123, @e, dd12be42-52a9-4a91-a8a1-11c01849e498]
[23Dec2025 18:35:03.075] [main/WARN] [net.minecraft.commands.Commands/]: Ambiguity between arguments [teleport, targets] and [teleport, destination] with inputs: [Player, 0123, dd12be42-52a9-4a91-a8a1-11c01849e498]
[23Dec2025 18:35:03.076] [main/WARN] [net.minecraft.commands.Commands/]: Ambiguity between arguments [teleport, targets, location] and [teleport, targets, destination] with inputs: [0.1 -0.5 .9, 0 0 0]
[23Dec2025 18:35:03.308] [Render thread/WARN] [net.minecraft.server.packs.VanillaPackResourcesBuilder/]: Assets URL 'union:/C:/Users/cainm/MCreatorWorkspaces/soitsmods/build/moddev/artifacts/neoforge-21.1.190.jar%23211!/assets/.mcassetsroot' uses unexpected schema
[23Dec2025 18:35:03.309] [Render thread/WARN] [net.minecraft.server.packs.VanillaPackResourcesBuilder/]: Assets URL 'union:/C:/Users/cainm/MCreatorWorkspaces/soitsmods/build/moddev/artifacts/neoforge-21.1.190.jar%23211!/data/.mcassetsroot' uses unexpected schema
[23Dec2025 18:35:03.350] [Render thread/INFO] [com.mojang.authlib.yggdrasil.YggdrasilAuthenticationService/]: Environment: Environment[sessionHost=https://sessionserver.mojang.com, servicesHost=https://api.minecraftservices.com, name=PROD]
[23Dec2025 18:35:03.359] [Render thread/INFO] [net.minecraft.client.Minecraft/]: Setting user: Dev
[23Dec2025 18:35:03.537] [Render thread/INFO] [Essential Logger/]: OptiFine not detected.
[23Dec2025 18:35:03.991] [Render thread/INFO] [Essential - DI/]: Starting DI!
[23Dec2025 18:35:04.060] [Render thread/WARN] [Essential Logger/]: Failed to read hosts file to check for modifications.
java.nio.file.NoSuchFileException: C:\Windows\System32\etc\hosts
	at java.base/sun.nio.fs.WindowsException.translateToIOException(WindowsException.java:85) ~[?:?]
	at java.base/sun.nio.fs.WindowsException.rethrowAsIOException(WindowsException.java:103) ~[?:?]
	at java.base/sun.nio.fs.WindowsException.rethrowAsIOException(WindowsException.java:108) ~[?:?]
	at java.base/sun.nio.fs.WindowsFileSystemProvider.newByteChannel(WindowsFileSystemProvider.java:234) ~[?:?]
	at java.base/java.nio.file.Files.newByteChannel(Files.java:380) ~[?:?]
	at java.base/java.nio.file.Files.newByteChannel(Files.java:432) ~[?:?]
	at java.base/java.nio.file.spi.FileSystemProvider.newInputStream(FileSystemProvider.java:420) ~[?:?]
	at java.base/java.nio.file.Files.newInputStream(Files.java:160) ~[?:?]
	at LAYER PLUGIN/thedarkcolour.kotlinforforge/kotlin.io.path.PathsKt__PathReadWriteKt.readText(PathReadWrite.kt:155) ~[kff-updated-kotlin-9375657760394517625-4.3.0-slim.jar%23285!/:?]
	at LAYER PLUGIN/thedarkcolour.kotlinforforge/kotlin.io.path.PathsKt__PathReadWriteKt.readText$default(PathReadWrite.kt:154) ~[kff-updated-kotlin-9375657760394517625-4.3.0-slim.jar%23285!/:?]
	at TRANSFORMER/essential@1.3.10.4/gg.essential.util.HostsFileUtil.readHostsFile(HostsFileUtil.kt:33) ~[Essential%20(neoforge_1.21.1).jar%23287!/:?]
	at TRANSFORMER/essential@1.3.10.4/gg.essential.util.HostsFileUtil.access$readHostsFile(HostsFileUtil.kt:18) ~[Essential%20(neoforge_1.21.1).jar%23287!/:?]
	at TRANSFORMER/essential@1.3.10.4/gg.essential.util.HostsFileUtil$containsRulesForMojangServers$2.invoke(HostsFileUtil.kt:23) ~[Essential%20(neoforge_1.21.1).jar%23287!/:?]
	at TRANSFORMER/essential@1.3.10.4/gg.essential.util.HostsFileUtil$containsRulesForMojangServers$2.invoke(HostsFileUtil.kt:23) ~[Essential%20(neoforge_1.21.1).jar%23287!/:?]
	at LAYER PLUGIN/thedarkcolour.kotlinforforge/kotlin.SynchronizedLazyImpl.getValue(LazyJVM.kt:74) ~[kff-updated-kotlin-9375657760394517625-4.3.0-slim.jar%23285!/:?]
	at TRANSFORMER/essential@1.3.10.4/gg.essential.util.HostsFileUtil.getContainsRulesForMojangServers(HostsFileUtil.kt:23) ~[Essential%20(neoforge_1.21.1).jar%23287!/:?]
	at TRANSFORMER/essential@1.3.10.4/gg.essential.network.connectionmanager.ConnectionManagerKt.connectLoop(ConnectionManagerKt.kt:145) ~[Essential%20(neoforge_1.21.1).jar%23287!/:?]
	at TRANSFORMER/essential@1.3.10.4/gg.essential.network.connectionmanager.ConnectionManagerKt.access$connectLoop(ConnectionManagerKt.kt:64) ~[Essential%20(neoforge_1.21.1).jar%23287!/:?]
	at TRANSFORMER/essential@1.3.10.4/gg.essential.network.connectionmanager.ConnectionManagerKt$connectLoopJob$1.invokeSuspend(ConnectionManagerKt.kt:96) ~[Essential%20(neoforge_1.21.1).jar%23287!/:?]
	at LAYER PLUGIN/thedarkcolour.kotlinforforge/kotlin.coroutines.jvm.internal.BaseContinuationImpl.resumeWith(ContinuationImpl.kt:33) ~[kff-updated-kotlin-9375657760394517625-4.3.0-slim.jar%23285!/:?]
	at LAYER PLUGIN/thedarkcolour.kotlinforforge/kotlinx.coroutines.internal.DispatchedContinuationKt.resumeCancellableWith(DispatchedContinuation.kt:363) ~[kff-updated-kotlin-9375657760394517625-4.3.0-slim.jar%23285!/:?]
	at LAYER PLUGIN/thedarkcolour.kotlinforforge/kotlinx.coroutines.internal.DispatchedContinuationKt.resumeCancellableWith$default(DispatchedContinuation.kt:274) ~[kff-updated-kotlin-9375657760394517625-4.3.0-slim.jar%23285!/:?]
	at LAYER PLUGIN/thedarkcolour.kotlinforforge/kotlinx.coroutines.intrinsics.CancellableKt.startCoroutineCancellable(Cancellable.kt:35) ~[kff-updated-kotlin-9375657760394517625-4.3.0-slim.jar%23285!/:?]
	at LAYER PLUGIN/thedarkcolour.kotlinforforge/kotlinx.coroutines.LazyStandaloneCoroutine.onStart(Builders.common.kt:202) ~[kff-updated-kotlin-9375657760394517625-4.3.0-slim.jar%23285!/:?]
	at LAYER PLUGIN/thedarkcolour.kotlinforforge/kotlinx.coroutines.JobSupport.startInternal(JobSupport.kt:395) ~[kff-updated-kotlin-9375657760394517625-4.3.0-slim.jar%23285!/:?]
	at LAYER PLUGIN/thedarkcolour.kotlinforforge/kotlinx.coroutines.JobSupport.start(JobSupport.kt:379) ~[kff-updated-kotlin-9375657760394517625-4.3.0-slim.jar%23285!/:?]
	at TRANSFORMER/essential@1.3.10.4/gg.essential.network.connectionmanager.ConnectionManagerKt.start(ConnectionManagerKt.kt:99) ~[Essential%20(neoforge_1.21.1).jar%23287!/:?]
	at TRANSFORMER/essential@1.3.10.4/gg.essential.Essential.preinit(Essential.java:210) ~[Essential%20(neoforge_1.21.1).jar%23287!/:?]
	at TRANSFORMER/essential@1.3.10.4/gg.essential.lib.kbrewster.eventbus.EventBus$Subscriber.invoke(eventbus.kt:29) ~[Essential%20(neoforge_1.21.1).jar%23287!/:?]
	at TRANSFORMER/essential@1.3.10.4/gg.essential.util.EventBus.post(eventbus.kt:131) ~[Essential%20(neoforge_1.21.1).jar%23287!/:?]
	at TRANSFORMER/essential@1.3.10.4/gg.essential.mixins.impl.client.MinecraftHook.preinit(MinecraftHook.java:40) ~[Essential%20(neoforge_1.21.1).jar%23287!/:?]
	at TRANSFORMER/minecraft@1.21.1/net.minecraft.client.Minecraft.handler$bbe000$essential$preinit(Minecraft.java:12127) ~[neoforge-21.1.190.jar%23211!/:?]
	at TRANSFORMER/minecraft@1.21.1/net.minecraft.client.Minecraft.<init>(Minecraft.java:451) ~[neoforge-21.1.190.jar%23211!/:?]
	at TRANSFORMER/minecraft@1.21.1/net.minecraft.client.main.Main.main(Main.java:214) ~[neoforge-21.1.190.jar%23211!/:?]
	at java.base/jdk.internal.reflect.DirectMethodHandleAccessor.invoke(DirectMethodHandleAccessor.java:103) ~[?:?]
	at java.base/java.lang.reflect.Method.invoke(Method.java:580) ~[?:?]
	at MC-BOOTSTRAP/fml_loader@4.0.41/net.neoforged.fml.loading.targets.CommonLaunchHandler.runTarget(CommonLaunchHandler.java:136) ~[loader-4.0.41.jar%23146!/:4.0]
	at MC-BOOTSTRAP/fml_loader@4.0.41/net.neoforged.fml.loading.targets.CommonLaunchHandler.clientService(CommonLaunchHandler.java:124) ~[loader-4.0.41.jar%23146!/:4.0]
	at MC-BOOTSTRAP/fml_loader@4.0.41/net.neoforged.fml.loading.targets.NeoForgeClientDevLaunchHandler.runService(NeoForgeClientDevLaunchHandler.java:23) ~[loader-4.0.41.jar%23146!/:4.0]
	at MC-BOOTSTRAP/fml_loader@4.0.41/net.neoforged.fml.loading.targets.CommonLaunchHandler.lambda$launchService$4(CommonLaunchHandler.java:118) ~[loader-4.0.41.jar%23146!/:4.0]
	at MC-BOOTSTRAP/cpw.mods.modlauncher@11.0.5/cpw.mods.modlauncher.LaunchServiceHandlerDecorator.launch(LaunchServiceHandlerDecorator.java:30) [modlauncher-11.0.5.jar%23128!/:?]
	at MC-BOOTSTRAP/cpw.mods.modlauncher@11.0.5/cpw.mods.modlauncher.LaunchServiceHandler.launch(LaunchServiceHandler.java:53) [modlauncher-11.0.5.jar%23128!/:?]
	at MC-BOOTSTRAP/cpw.mods.modlauncher@11.0.5/cpw.mods.modlauncher.LaunchServiceHandler.launch(LaunchServiceHandler.java:71) [modlauncher-11.0.5.jar%23128!/:?]
	at MC-BOOTSTRAP/cpw.mods.modlauncher@11.0.5/cpw.mods.modlauncher.Launcher.run(Launcher.java:103) [modlauncher-11.0.5.jar%23128!/:?]
	at MC-BOOTSTRAP/cpw.mods.modlauncher@11.0.5/cpw.mods.modlauncher.Launcher.main(Launcher.java:74) [modlauncher-11.0.5.jar%23128!/:?]
	at MC-BOOTSTRAP/cpw.mods.modlauncher@11.0.5/cpw.mods.modlauncher.BootstrapLaunchConsumer.accept(BootstrapLaunchConsumer.java:26) [modlauncher-11.0.5.jar%23128!/:?]
	at MC-BOOTSTRAP/cpw.mods.modlauncher@11.0.5/cpw.mods.modlauncher.BootstrapLaunchConsumer.accept(BootstrapLaunchConsumer.java:23) [modlauncher-11.0.5.jar%23128!/:?]
	at cpw.mods.bootstraplauncher@2.0.2/cpw.mods.bootstraplauncher.BootstrapLauncher.run(BootstrapLauncher.java:210) [bootstraplauncher-2.0.2.jar:?]
	at cpw.mods.bootstraplauncher@2.0.2/cpw.mods.bootstraplauncher.BootstrapLauncher.main(BootstrapLauncher.java:69) [bootstraplauncher-2.0.2.jar:?]
	at java.base/jdk.internal.reflect.DirectMethodHandleAccessor.invoke(DirectMethodHandleAccessor.java:103) ~[?:?]
	at java.base/java.lang.reflect.Method.invoke(Method.java:580) ~[?:?]
	at net.neoforged.devlaunch.Main.main(Main.java:57) [DevLaunch-1.0.2.jar:?]
[23Dec2025 18:35:04.063] [Render thread/INFO] [Essential - Connection/]: Authenticating to Mojang as Dev (380df991-f603-344c-a090-369bad2a924a)
[23Dec2025 18:35:04.075] [Render thread/INFO] [net.minecraft.client.Minecraft/]: Backend library: LWJGL version 3.3.3+5
[23Dec2025 18:35:04.109] [ForkJoinPool.commonPool-worker-8/WARN] [Iris/]: [Iris Update Check] This version doesn't have an update index, skipping.
[23Dec2025 18:35:04.265] [Render thread/INFO] [com.mojang.blaze3d.platform.Window/]: OpenGL Vendor: NVIDIA Corporation
[23Dec2025 18:35:04.265] [Render thread/INFO] [com.mojang.blaze3d.platform.Window/]: OpenGL Renderer: NVIDIA GeForce RTX 3060/PCIe/SSE2
[23Dec2025 18:35:04.265] [Render thread/INFO] [com.mojang.blaze3d.platform.Window/]: OpenGL Version: 4.6.0 NVIDIA 591.44
[23Dec2025 18:35:04.275] [Render thread/INFO] [Sodium-NvidiaWorkarounds/]: Modifying OpenGL context to apply workarounds for the NVIDIA graphics driver...
[23Dec2025 18:35:04.555] [Render thread/INFO] [Iris/]: Debug functionality is disabled.
[23Dec2025 18:35:04.574] [Render thread/INFO] [Iris/]: OpenGL 4.5 detected, enabling DSA.
[23Dec2025 18:35:04.604] [Render thread/INFO] [Iris/]: Shaders are disabled because no valid shaderpack is selected
[23Dec2025 18:35:04.750] [modloading-worker-0/INFO] [Entity Texture Features/]: [ETF]: Modifying ETF Render State constructor because: for EMF
[23Dec2025 18:35:04.750] [modloading-worker-0/INFO] [traben.entity_model_features.EMF/]: Loading Entity Model Features, your third cousin's, dog's, previous owner's, uncle's, old boss's, fifth favourite mod!
[23Dec2025 18:35:04.751] [modloading-worker-0/INFO] [Entity Texture Features/]: Loading Entity Texture Features, also known as ETF!
[23Dec2025 18:35:04.844] [DefaultDispatcher-worker-3/INFO] [Essential - Connection/]: Session token appears to be invalid, trying to automatically refresh it
[23Dec2025 18:35:04.880] [modloading-worker-0/INFO] [net.neoforged.neoforge.common.NeoForgeMod/NEOFORGE-MOD]: NeoForge mod loading, version 21.1.190, for MC 1.21.1
[23Dec2025 18:35:05.171] [modloading-worker-0/INFO] [Entity Texture Features/]: [ETF]: 6 new ETF Random Properties registered by entity_model_features
[23Dec2025 18:35:05.218] [modloading-worker-0/INFO] [mezz.jei.library.load.PluginCaller/]: Sending ConfigManager...
[23Dec2025 18:35:05.223] [modloading-worker-0/INFO] [mezz.jei.library.load.PluginCaller/]: Sending ConfigManager took 3.589 milliseconds
[23Dec2025 18:35:05.849] [Render thread/ERROR] [Essential Logger/]: Failed to refresh session: Unknown account
gg.essential.gui.menu.AccountManager$UnknownAccountException: Unknown account
	at TRANSFORMER/essential@1.3.10.4/gg.essential.gui.menu.AccountManager$Companion.refreshSession(AccountManager.kt:191) ~[Essential%20(neoforge_1.21.1).jar%23287!/:?]
	at TRANSFORMER/essential@1.3.10.4/gg.essential.gui.menu.AccountManager$Companion.refreshCurrentSession(AccountManager.kt:148) ~[Essential%20(neoforge_1.21.1).jar%23287!/:?]
	at TRANSFORMER/essential@1.3.10.4/gg.essential.network.connectionmanager.ConnectionManagerKt$connectLoop$error$2.invokeSuspend(ConnectionManagerKt.kt:202) ~[Essential%20(neoforge_1.21.1).jar%23287!/:?]
	at LAYER PLUGIN/thedarkcolour.kotlinforforge/kotlin.coroutines.jvm.internal.BaseContinuationImpl.resumeWith(ContinuationImpl.kt:33) ~[kff-updated-kotlin-9375657760394517625-4.3.0-slim.jar%23285!/:?]
	at LAYER PLUGIN/thedarkcolour.kotlinforforge/kotlinx.coroutines.DispatchedTask.run(DispatchedTask.kt:104) ~[kff-updated-kotlin-9375657760394517625-4.3.0-slim.jar%23285!/:?]
	at TRANSFORMER/essential@1.3.10.4/gg.essential.util.TargetThreadExecutor.run(TargetThreadExecutor.kt:38) ~[Essential%20(neoforge_1.21.1).jar%23287!/:?]
	at TRANSFORMER/minecraft@1.21.1/net.minecraft.client.Minecraft.handler$bbc000$essential$runEssentialExecutorDuringInit(Minecraft.java:11558) ~[neoforge-21.1.190.jar%23211!/:?]
	at TRANSFORMER/minecraft@1.21.1/net.minecraft.client.Minecraft.<init>(Minecraft.java:494) ~[neoforge-21.1.190.jar%23211!/:?]
	at TRANSFORMER/minecraft@1.21.1/net.minecraft.client.main.Main.main(Main.java:214) ~[neoforge-21.1.190.jar%23211!/:?]
	at java.base/jdk.internal.reflect.DirectMethodHandleAccessor.invoke(DirectMethodHandleAccessor.java:103) ~[?:?]
	at java.base/java.lang.reflect.Method.invoke(Method.java:580) ~[?:?]
	at MC-BOOTSTRAP/fml_loader@4.0.41/net.neoforged.fml.loading.targets.CommonLaunchHandler.runTarget(CommonLaunchHandler.java:136) ~[loader-4.0.41.jar%23146!/:4.0]
	at MC-BOOTSTRAP/fml_loader@4.0.41/net.neoforged.fml.loading.targets.CommonLaunchHandler.clientService(CommonLaunchHandler.java:124) ~[loader-4.0.41.jar%23146!/:4.0]
	at MC-BOOTSTRAP/fml_loader@4.0.41/net.neoforged.fml.loading.targets.NeoForgeClientDevLaunchHandler.runService(NeoForgeClientDevLaunchHandler.java:23) ~[loader-4.0.41.jar%23146!/:4.0]
	at MC-BOOTSTRAP/fml_loader@4.0.41/net.neoforged.fml.loading.targets.CommonLaunchHandler.lambda$launchService$4(CommonLaunchHandler.java:118) ~[loader-4.0.41.jar%23146!/:4.0]
	at MC-BOOTSTRAP/cpw.mods.modlauncher@11.0.5/cpw.mods.modlauncher.LaunchServiceHandlerDecorator.launch(LaunchServiceHandlerDecorator.java:30) [modlauncher-11.0.5.jar%23128!/:?]
	at MC-BOOTSTRAP/cpw.mods.modlauncher@11.0.5/cpw.mods.modlauncher.LaunchServiceHandler.launch(LaunchServiceHandler.java:53) [modlauncher-11.0.5.jar%23128!/:?]
	at MC-BOOTSTRAP/cpw.mods.modlauncher@11.0.5/cpw.mods.modlauncher.LaunchServiceHandler.launch(LaunchServiceHandler.java:71) [modlauncher-11.0.5.jar%23128!/:?]
	at MC-BOOTSTRAP/cpw.mods.modlauncher@11.0.5/cpw.mods.modlauncher.Launcher.run(Launcher.java:103) [modlauncher-11.0.5.jar%23128!/:?]
	at MC-BOOTSTRAP/cpw.mods.modlauncher@11.0.5/cpw.mods.modlauncher.Launcher.main(Launcher.java:74) [modlauncher-11.0.5.jar%23128!/:?]
	at MC-BOOTSTRAP/cpw.mods.modlauncher@11.0.5/cpw.mods.modlauncher.BootstrapLaunchConsumer.accept(BootstrapLaunchConsumer.java:26) [modlauncher-11.0.5.jar%23128!/:?]
	at MC-BOOTSTRAP/cpw.mods.modlauncher@11.0.5/cpw.mods.modlauncher.BootstrapLaunchConsumer.accept(BootstrapLaunchConsumer.java:23) [modlauncher-11.0.5.jar%23128!/:?]
	at cpw.mods.bootstraplauncher@2.0.2/cpw.mods.bootstraplauncher.BootstrapLauncher.run(BootstrapLauncher.java:210) [bootstraplauncher-2.0.2.jar:?]
	at cpw.mods.bootstraplauncher@2.0.2/cpw.mods.bootstraplauncher.BootstrapLauncher.main(BootstrapLauncher.java:69) [bootstraplauncher-2.0.2.jar:?]
	at java.base/jdk.internal.reflect.DirectMethodHandleAccessor.invoke(DirectMethodHandleAccessor.java:103) ~[?:?]
	at java.base/java.lang.reflect.Method.invoke(Method.java:580) ~[?:?]
	at net.neoforged.devlaunch.Main.main(Main.java:57) [DevLaunch-1.0.2.jar:?]
[23Dec2025 18:35:05.851] [Render thread/WARN] [Essential - Connection/]: User's Minecraft access token has expired, waiting for new user-supplied token.
[23Dec2025 18:35:06.276] [Render thread/INFO] [Iris/]: Hardware information:
[23Dec2025 18:35:06.277] [Render thread/INFO] [Iris/]: CPU: 16x AMD Ryzen 7 5800X3D 8-Core Processor 
[23Dec2025 18:35:06.277] [Render thread/INFO] [Iris/]: GPU: NVIDIA GeForce RTX 3060/PCIe/SSE2 (Supports OpenGL 4.6.0 NVIDIA 591.44)
[23Dec2025 18:35:06.278] [Render thread/INFO] [Iris/]: OS: Windows 11 (10.0)
[23Dec2025 18:35:06.519] [Render thread/INFO] [net.neoforged.neoforge.gametest.GameTestHooks/]: Enabled Gametest Namespaces: []
[23Dec2025 18:35:06.899] [Render thread/INFO] [net.minecraft.server.packs.resources.ReloadableResourceManager/]: Reloading ResourceManager: vanilla, mod_resources, mod/sodium, mod/entity_model_features, mod/freecam, mod/entity_texture_features, mod/iris, mod/fabric_renderer_api_v1, mod/fabric_api_base, mod/jade, mod/transition, mod/jei, mod/fabric_rendering_data_attachment_v1, mod/trender, mod/skinlayers3d, mod/cloth_config, mod/notenoughanimations, mod/controlling, mod/neoforge, mod/soitsmods, mod/searchables, mod/essential, mod/fabric_block_view_api_v2, Essential Assets, essential
[23Dec2025 18:35:07.083] [NeoForge Version Check/INFO] [net.neoforged.fml.VersionChecker/]: [controlling] Starting version check at https://updates.blamejared.com/get?n=controlling&gv=1.21.1&ml=neoforge
[23Dec2025 18:35:07.150] [Worker-Main-6/INFO] [net.minecraft.client.gui.font.providers.UnihexProvider/]: Found unifont_all_no_pua-15.1.05.hex, loading
[23Dec2025 18:35:07.304] [Worker-Main-10/INFO] [net.minecraft.client.gui.font.providers.UnihexProvider/]: Found unifont_jp_patch-15.1.05.hex, loading
[23Dec2025 18:35:07.576] [Worker-Main-12/WARN] [net.minecraft.client.renderer.texture.SpriteLoader/]: Texture soitsmods:item/top_hat with size 411x277 limits mip level from 4 to 0
[23Dec2025 18:35:08.061] [NeoForge Version Check/INFO] [net.neoforged.fml.VersionChecker/]: [controlling] Found status: BETA Current: 19.0.5 Target: 19.0.5
[23Dec2025 18:35:08.061] [NeoForge Version Check/INFO] [net.neoforged.fml.VersionChecker/]: [soitsmods] Starting version check at https://github.com/soitsdragon/NeoForge-SoItsMods-1.21.X
[23Dec2025 18:35:08.572] [DefaultDispatcher-worker-5/INFO] [Essential Logger/]: Connected to Discord as soitsdragon
[23Dec2025 18:35:08.723] [NeoForge Version Check/WARN] [net.neoforged.fml.VersionChecker/]: Failed to process update information
com.google.gson.JsonSyntaxException: java.lang.IllegalStateException: Expected BEGIN_OBJECT but was STRING at line 8 column 1 path $
	at MC-BOOTSTRAP/com.google.gson@2.10.1/com.google.gson.Gson.fromJson(Gson.java:1238) ~[gson-2.10.1.jar%23110!/:?]
	at MC-BOOTSTRAP/com.google.gson@2.10.1/com.google.gson.Gson.fromJson(Gson.java:1137) ~[gson-2.10.1.jar%23110!/:?]
	at MC-BOOTSTRAP/com.google.gson@2.10.1/com.google.gson.Gson.fromJson(Gson.java:1047) ~[gson-2.10.1.jar%23110!/:?]
	at MC-BOOTSTRAP/com.google.gson@2.10.1/com.google.gson.Gson.fromJson(Gson.java:982) ~[gson-2.10.1.jar%23110!/:?]
	at MC-BOOTSTRAP/fml_loader@4.0.41/net.neoforged.fml.VersionChecker$1.process(VersionChecker.java:167) ~[loader-4.0.41.jar%23146!/:4.0]
	at java.base/java.lang.Iterable.forEach(Iterable.java:75) [?:?]
	at MC-BOOTSTRAP/fml_loader@4.0.41/net.neoforged.fml.VersionChecker$1.run(VersionChecker.java:105) [loader-4.0.41.jar%23146!/:4.0]
Caused by: java.lang.IllegalStateException: Expected BEGIN_OBJECT but was STRING at line 8 column 1 path $
	at MC-BOOTSTRAP/com.google.gson@2.10.1/com.google.gson.stream.JsonReader.beginObject(JsonReader.java:393) ~[gson-2.10.1.jar%23110!/:?]
	at MC-BOOTSTRAP/com.google.gson@2.10.1/com.google.gson.internal.bind.MapTypeAdapterFactory$Adapter.read(MapTypeAdapterFactory.java:182) ~[gson-2.10.1.jar%23110!/:?]
	at MC-BOOTSTRAP/com.google.gson@2.10.1/com.google.gson.internal.bind.MapTypeAdapterFactory$Adapter.read(MapTypeAdapterFactory.java:144) ~[gson-2.10.1.jar%23110!/:?]
	at MC-BOOTSTRAP/com.google.gson@2.10.1/com.google.gson.Gson.fromJson(Gson.java:1227) ~[gson-2.10.1.jar%23110!/:?]
	... 6 more
[23Dec2025 18:35:08.725] [NeoForge Version Check/INFO] [net.neoforged.fml.VersionChecker/]: [searchables] Starting version check at https://updates.blamejared.com/get?n=searchables&gv=1.21.1&ml=neoforge
[23Dec2025 18:35:08.873] [NeoForge Version Check/INFO] [net.neoforged.fml.VersionChecker/]: [searchables] Found status: BETA Current: 1.0.2 Target: 1.0.2
[23Dec2025 18:35:09.007] [Worker-Main-2/INFO] [snownee.jade.Jade/]: Start loading plugin from snownee.jade.addon.vanilla.VanillaPlugin
[23Dec2025 18:35:09.144] [Worker-Main-2/INFO] [snownee.jade.Jade/]: Bootstrapped plugin from snownee.jade.addon.vanilla.VanillaPlugin in 134.7 ms
[23Dec2025 18:35:09.159] [Worker-Main-2/INFO] [snownee.jade.Jade/]: Loaded plugin from snownee.jade.addon.vanilla.VanillaPlugin in 148.9 ms
[23Dec2025 18:35:09.159] [Worker-Main-2/INFO] [snownee.jade.Jade/]: Start loading plugin from snownee.jade.addon.universal.UniversalPlugin
[23Dec2025 18:35:09.166] [Worker-Main-2/INFO] [snownee.jade.Jade/]: Bootstrapped plugin from snownee.jade.addon.universal.UniversalPlugin in 6.768 ms
[23Dec2025 18:35:09.166] [Worker-Main-2/INFO] [snownee.jade.Jade/]: Loaded plugin from snownee.jade.addon.universal.UniversalPlugin in 7.015 ms
[23Dec2025 18:35:09.167] [Worker-Main-2/INFO] [snownee.jade.Jade/]: Start loading plugin from snownee.jade.addon.debug.DebugPlugin
[23Dec2025 18:35:09.170] [Worker-Main-2/INFO] [snownee.jade.Jade/]: Bootstrapped plugin from snownee.jade.addon.debug.DebugPlugin in 2.671 ms
[23Dec2025 18:35:09.171] [Worker-Main-2/INFO] [snownee.jade.Jade/]: Loaded plugin from snownee.jade.addon.debug.DebugPlugin in 2.820 ms
[23Dec2025 18:35:09.171] [Worker-Main-2/INFO] [snownee.jade.Jade/]: Start loading plugin from snownee.jade.addon.core.CorePlugin
[23Dec2025 18:35:09.178] [Worker-Main-2/INFO] [snownee.jade.Jade/]: Bootstrapped plugin from snownee.jade.addon.core.CorePlugin in 6.305 ms
[23Dec2025 18:35:09.178] [Worker-Main-2/INFO] [snownee.jade.Jade/]: Loaded plugin from snownee.jade.addon.core.CorePlugin in 6.468 ms
[23Dec2025 18:35:09.178] [Worker-Main-2/INFO] [snownee.jade.Jade/]: Start loading plugin from snownee.jade.addon.access.AccessibilityPlugin
[23Dec2025 18:35:09.184] [Worker-Main-2/INFO] [snownee.jade.Jade/]: Bootstrapped plugin from snownee.jade.addon.access.AccessibilityPlugin in 4.850 ms
[23Dec2025 18:35:09.184] [Worker-Main-2/INFO] [snownee.jade.Jade/]: Loaded plugin from snownee.jade.addon.access.AccessibilityPlugin in 4.996 ms
[23Dec2025 18:35:09.353] [Render thread/WARN] [net.minecraft.client.sounds.SoundEngine/]: Missing sound for event: minecraft:item.goat_horn.play
[23Dec2025 18:35:09.354] [Render thread/WARN] [net.minecraft.client.sounds.SoundEngine/]: Missing sound for event: minecraft:entity.goat.screaming.horn_break
[23Dec2025 18:35:09.403] [Render thread/INFO] [com.mojang.blaze3d.audio.Library/]: OpenAL initialized on device OpenAL Soft on Game (Elgato Virtual Audio)
[23Dec2025 18:35:09.404] [Render thread/INFO] [net.minecraft.client.sounds.SoundEngine/SOUNDS]: Sound engine started
[23Dec2025 18:35:09.498] [Render thread/INFO] [net.minecraft.client.renderer.texture.TextureAtlas/]: Created: 2048x1024x4 minecraft:textures/atlas/blocks.png-atlas
[23Dec2025 18:35:09.516] [Render thread/INFO] [net.minecraft.client.renderer.texture.TextureAtlas/]: Created: 256x256x4 minecraft:textures/atlas/signs.png-atlas
[23Dec2025 18:35:09.517] [Render thread/INFO] [net.minecraft.client.renderer.texture.TextureAtlas/]: Created: 512x512x4 minecraft:textures/atlas/shield_patterns.png-atlas
[23Dec2025 18:35:09.517] [Render thread/INFO] [net.minecraft.client.renderer.texture.TextureAtlas/]: Created: 512x512x4 minecraft:textures/atlas/banner_patterns.png-atlas
[23Dec2025 18:35:09.518] [Render thread/INFO] [net.minecraft.client.renderer.texture.TextureAtlas/]: Created: 1024x1024x4 minecraft:textures/atlas/armor_trims.png-atlas
[23Dec2025 18:35:09.520] [Render thread/INFO] [net.minecraft.client.renderer.texture.TextureAtlas/]: Created: 256x256x4 minecraft:textures/atlas/chest.png-atlas
[23Dec2025 18:35:09.521] [Render thread/INFO] [net.minecraft.client.renderer.texture.TextureAtlas/]: Created: 128x64x4 minecraft:textures/atlas/decorated_pot.png-atlas
[23Dec2025 18:35:09.521] [Render thread/INFO] [net.minecraft.client.renderer.texture.TextureAtlas/]: Created: 512x256x4 minecraft:textures/atlas/shulker_boxes.png-atlas
[23Dec2025 18:35:09.521] [Render thread/INFO] [net.minecraft.client.renderer.texture.TextureAtlas/]: Created: 512x256x4 minecraft:textures/atlas/beds.png-atlas
[23Dec2025 18:35:10.190] [Render thread/INFO] [net.minecraft.client.renderer.texture.TextureAtlas/]: Created: 512x256x0 minecraft:textures/atlas/particles.png-atlas
[23Dec2025 18:35:10.192] [Render thread/INFO] [net.minecraft.client.renderer.texture.TextureAtlas/]: Created: 512x256x0 minecraft:textures/atlas/paintings.png-atlas
[23Dec2025 18:35:10.192] [Render thread/INFO] [net.minecraft.client.renderer.texture.TextureAtlas/]: Created: 256x128x0 minecraft:textures/atlas/mob_effects.png-atlas
[23Dec2025 18:35:10.192] [Render thread/INFO] [net.minecraft.client.renderer.texture.TextureAtlas/]: Created: 64x64x0 minecraft:textures/atlas/map_decorations.png-atlas
[23Dec2025 18:35:10.192] [Render thread/INFO] [net.minecraft.client.renderer.texture.TextureAtlas/]: Created: 1024x512x0 minecraft:textures/atlas/gui.png-atlas
[23Dec2025 18:35:10.214] [Render thread/WARN] [net.minecraft.client.renderer.ShaderInstance/]: Shader rendertype_entity_translucent_emissive could not find sampler named Sampler2 in the specified shader program.
[23Dec2025 18:35:10.282] [Render thread/INFO] [net.minecraft.client.renderer.texture.TextureAtlas/]: Created: 256x256x0 jei:textures/atlas/gui.png-atlas
[23Dec2025 18:35:10.285] [Render thread/INFO] [net.neoforged.neoforge.client.entity.animation.json.AnimationLoader/]: Loaded 0 entity animations
[23Dec2025 18:35:10.286] [Render thread/INFO] [Entity Texture Features/]: [ETF]: reloading ETF data.
[23Dec2025 18:35:10.293] [Render thread/INFO] [Entity Texture Features/]: [ETF]: emissive suffixes loaded: {_e}
[23Dec2025 18:35:10.296] [Render thread/INFO] [Entity Texture Features/]: [ETF]: emissive suffixes loaded: {_e}
[23Dec2025 18:35:10.326] [Render thread/INFO] [Iris/]: Creating pipeline for dimension minecraft:overworld
[23Dec2025 18:35:12.583] [Render thread/WARN] [net.minecraft.client.renderer.ShaderInstance/]: Shader cabb2374eda405e66b897908637abd1da5deac52 could not find uniform named subpixel_amount in the specified shader program.
[23Dec2025 18:36:19.412] [Render thread/INFO] [net.minecraft.client.Minecraft/]: Stopping!
[23Dec2025 18:36:19.421] [Render thread/INFO] [Entity Texture Features/]: [ETF]: emissive suffixes loaded: {_e}
